<?xml version="1.0" encoding="UTF-8"?>
<!-- Generated by org.testng.reporters.JUnitXMLReporter -->
<testsuite ignored="0" hostname="LAPTOP-T51A3O5O" failures="2" tests="8" name="Test" time="0.038" errors="0" timestamp="2023-09-05T23:56:03 IST">
  <testcase classname="Country1.Names1" name="aus" time="0.005"/>
  <testcase classname="Country1.Names1" name="ind" time="0.0"/>
  <testcase classname="Country1.Names1" name="pak" time="0.0"/>
  <testcase classname="Country1.Names1" name="sco" time="0.001"/>
  <testcase classname="Country1.Names1" name="uk" time="0.0">
    <failure type="java.lang.AssertionError" message="expected [United King] but found [United Kingdom]">
      <![CDATA[java.lang.AssertionError: expected [United King] but found [United Kingdom]
at Country1.Names1.uk(Names1.java:19)
at java.base/java.util.ArrayList.forEach(ArrayList.java:1511)
... Removed 32 stack frames]]>
    </failure>
  </testcase> <!-- uk -->
  <testcase classname="Country1.Names2" name="chi" time="0.0">
    <failure type="java.lang.AssertionError" message="expected [Cina] but found [China]">
      <![CDATA[java.lang.AssertionError: expected [Cina] but found [China]
at Country1.Names2.chi(Names2.java:27)
at java.base/java.util.ArrayList.forEach(ArrayList.java:1511)
... Removed 32 stack frames]]>
    </failure>
  </testcase> <!-- chi -->
  <testcase classname="Country1.Names2" name="rus" time="0.001"/>
  <testcase classname="Country1.Names2" name="usa" time="0.0"/>
</testsuite> <!-- Test -->
